
*** Running vivado
    with args -log cascading4_reg2.vdi -applog -m64 -product Vivado -messageDb vivado.pb -mode batch -source cascading4_reg2.tcl -notrace


****** Vivado v2017.2 (64-bit)
  **** SW Build 1909853 on Thu Jun 15 18:39:09 MDT 2017
  **** IP Build 1909766 on Thu Jun 15 19:58:00 MDT 2017
    ** Copyright 1986-2017 Xilinx, Inc. All Rights Reserved.

source cascading4_reg2.tcl -notrace
Design is defaulting to srcset: sources_1
Design is defaulting to constrset: constrs_1
INFO: [Netlist 29-17] Analyzing 5 Unisim elements for replacement
INFO: [Netlist 29-28] Unisim Transformation completed in 0 CPU seconds
INFO: [Project 1-479] Netlist was created with Vivado 2017.2
INFO: [Device 21-403] Loading part xc7a35tcpg236-1
INFO: [Project 1-570] Preparing netlist for logic optimization
Parsing XDC File [C:/Users/szh24/Desktop/xilinx_projects/cascading4_reg2/basys3_master.xdc]
Finished Parsing XDC File [C:/Users/szh24/Desktop/xilinx_projects/cascading4_reg2/basys3_master.xdc]
INFO: [Opt 31-138] Pushed 0 inverter(s) to 0 load pin(s).
INFO: [Project 1-111] Unisim Transformation Summary:
No Unisim elements were transformed.

link_design: Time (s): cpu = 00:00:06 ; elapsed = 00:00:07 . Memory (MB): peak = 524.090 ; gain = 250.621
Command: opt_design
Attempting to get a license for feature 'Implementation' and/or device 'xc7a35t-cpg236'
INFO: [Common 17-349] Got license for feature 'Implementation' and/or device 'xc7a35t-cpg236'
Running DRC as a precondition to command opt_design

Starting DRC Task
Command: report_drc (run_mandatory_drcs) for: opt_checks
INFO: [DRC 23-27] Running DRC with 2 threads
report_drc (run_mandatory_drcs) completed successfully
INFO: [Project 1-461] DRC finished with 0 Errors
INFO: [Project 1-462] Please refer to the DRC report (report_drc) for more information.

Time (s): cpu = 00:00:00 ; elapsed = 00:00:00.517 . Memory (MB): peak = 535.102 ; gain = 11.012
INFO: [Timing 38-35] Done setting XDC timing constraints.

Starting Logic Optimization Task

Phase 1 Retarget
INFO: [Opt 31-138] Pushed 0 inverter(s) to 0 load pin(s).
INFO: [Opt 31-49] Retargeted 0 cell(s).
Phase 1 Retarget | Checksum: bc2c7672

Time (s): cpu = 00:00:00 ; elapsed = 00:00:00.004 . Memory (MB): peak = 1030.875 ; gain = 0.000
INFO: [Opt 31-389] Phase Retarget created 0 cells and removed 0 cells

Phase 2 Constant propagation
INFO: [Opt 31-138] Pushed 0 inverter(s) to 0 load pin(s).
Phase 2 Constant propagation | Checksum: bc2c7672

Time (s): cpu = 00:00:00 ; elapsed = 00:00:00.005 . Memory (MB): peak = 1030.875 ; gain = 0.000
INFO: [Opt 31-389] Phase Constant propagation created 0 cells and removed 0 cells

Phase 3 Sweep
Phase 3 Sweep | Checksum: f7489b66

Time (s): cpu = 00:00:00 ; elapsed = 00:00:00.008 . Memory (MB): peak = 1030.875 ; gain = 0.000
INFO: [Opt 31-389] Phase Sweep created 6 cells and removed 0 cells

Phase 4 BUFG optimization
Phase 4 BUFG optimization | Checksum: f7489b66

Time (s): cpu = 00:00:00 ; elapsed = 00:00:00.009 . Memory (MB): peak = 1030.875 ; gain = 0.000
INFO: [Opt 31-389] Phase BUFG optimization created 0 cells and removed 0 cells

Phase 5 Shift Register Optimization
Phase 5 Shift Register Optimization | Checksum: f7489b66

Time (s): cpu = 00:00:00 ; elapsed = 00:00:00.010 . Memory (MB): peak = 1030.875 ; gain = 0.000
INFO: [Opt 31-389] Phase Shift Register Optimization created 0 cells and removed 0 cells

Starting Connectivity Check Task

Time (s): cpu = 00:00:00 ; elapsed = 00:00:00 . Memory (MB): peak = 1030.875 ; gain = 0.000
Ending Logic Optimization Task | Checksum: f7489b66

Time (s): cpu = 00:00:00 ; elapsed = 00:00:00.011 . Memory (MB): peak = 1030.875 ; gain = 0.000

Starting Power Optimization Task
INFO: [Pwropt 34-132] Skipping clock gating for clocks with a period < 2.00 ns.
Ending Power Optimization Task | Checksum: 1225cbd12

Time (s): cpu = 00:00:00 ; elapsed = 00:00:00.007 . Memory (MB): peak = 1030.875 ; gain = 0.000
21 Infos, 0 Warnings, 0 Critical Warnings and 0 Errors encountered.
opt_design completed successfully
opt_design: Time (s): cpu = 00:00:12 ; elapsed = 00:00:12 . Memory (MB): peak = 1030.875 ; gain = 506.785
Writing placer database...
Writing XDEF routing.
Writing XDEF routing logical nets.
Writing XDEF routing special nets.
Write XDEF Complete: Time (s): cpu = 00:00:00 ; elapsed = 00:00:00.039 . Memory (MB): peak = 1030.875 ; gain = 0.000
INFO: [Common 17-1381] The checkpoint 'C:/Users/szh24/Desktop/xilinx_projects/cascading4_reg2/cascading4_reg2.runs/impl_1/cascading4_reg2_opt.dcp' has been generated.
Command: report_drc -file cascading4_reg2_drc_opted.rpt
INFO: [DRC 23-27] Running DRC with 2 threads
INFO: [Coretcl 2-168] The results of DRC are in file C:/Users/szh24/Desktop/xilinx_projects/cascading4_reg2/cascading4_reg2.runs/impl_1/cascading4_reg2_drc_opted.rpt.
report_drc completed successfully
INFO: [Chipscope 16-241] No debug cores found in the current design.
Before running the implement_debug_core command, either use the Set Up Debug wizard (GUI mode)
or use the create_debug_core and connect_debug_core Tcl commands to insert debug cores into the design.
Command: place_design
Attempting to get a license for feature 'Implementation' and/or device 'xc7a35t-cpg236'
INFO: [Common 17-349] Got license for feature 'Implementation' and/or device 'xc7a35t-cpg236'
Command: report_drc (run_mandatory_drcs) for: incr_eco_checks
INFO: [DRC 23-27] Running DRC with 2 threads
report_drc (run_mandatory_drcs) completed successfully
INFO: [Vivado_Tcl 4-198] DRC finished with 0 Errors
INFO: [Vivado_Tcl 4-199] Please refer to the DRC report (report_drc) for more information.
Running DRC as a precondition to command place_design
Command: report_drc (run_mandatory_drcs) for: placer_checks
INFO: [DRC 23-27] Running DRC with 2 threads
report_drc (run_mandatory_drcs) completed successfully
INFO: [Vivado_Tcl 4-198] DRC finished with 0 Errors
INFO: [Vivado_Tcl 4-199] Please refer to the DRC report (report_drc) for more information.

Starting Placer Task
INFO: [Place 30-611] Multithreading enabled for place_design using a maximum of 2 CPUs

Phase 1 Placer Initialization

Phase 1.1 Placer Initialization Netlist Sorting
Netlist sorting complete. Time (s): cpu = 00:00:00 ; elapsed = 00:00:00 . Memory (MB): peak = 1030.875 ; gain = 0.000
Phase 1.1 Placer Initialization Netlist Sorting | Checksum: fb5231c8

Time (s): cpu = 00:00:00 ; elapsed = 00:00:00.003 . Memory (MB): peak = 1030.875 ; gain = 0.000
INFO: [Timing 38-35] Done setting XDC timing constraints.
INFO: [Opt 31-138] Pushed 0 inverter(s) to 0 load pin(s).
Netlist sorting complete. Time (s): cpu = 00:00:00 ; elapsed = 00:00:00 . Memory (MB): peak = 1030.875 ; gain = 0.000

Phase 1.2 IO Placement/ Clock Placement/ Build Placer Device
INFO: [Timing 38-35] Done setting XDC timing constraints.
Phase 1.2 IO Placement/ Clock Placement/ Build Placer Device | Checksum: be1d9eee

Time (s): cpu = 00:00:01 ; elapsed = 00:00:00.472 . Memory (MB): peak = 1030.875 ; gain = 0.000

Phase 1.3 Build Placer Netlist Model
Phase 1.3 Build Placer Netlist Model | Checksum: 145a62b58

Time (s): cpu = 00:00:01 ; elapsed = 00:00:00.476 . Memory (MB): peak = 1030.875 ; gain = 0.000

Phase 1.4 Constrain Clocks/Macros
Phase 1.4 Constrain Clocks/Macros | Checksum: 145a62b58

Time (s): cpu = 00:00:01 ; elapsed = 00:00:00.478 . Memory (MB): peak = 1030.875 ; gain = 0.000
Phase 1 Placer Initialization | Checksum: 145a62b58

Time (s): cpu = 00:00:01 ; elapsed = 00:00:00.478 . Memory (MB): peak = 1030.875 ; gain = 0.000

Phase 2 Global Placement
WARNING: [Place 46-30] place_design is not in timing mode. Skip physical synthesis in placer
Phase 2 Global Placement | Checksum: 16f74dca9

Time (s): cpu = 00:00:01 ; elapsed = 00:00:00.601 . Memory (MB): peak = 1030.875 ; gain = 0.000

Phase 3 Detail Placement

Phase 3.1 Commit Multi Column Macros
Phase 3.1 Commit Multi Column Macros | Checksum: 16f74dca9

Time (s): cpu = 00:00:01 ; elapsed = 00:00:00.603 . Memory (MB): peak = 1030.875 ; gain = 0.000

Phase 3.2 Commit Most Macros & LUTRAMs
Phase 3.2 Commit Most Macros & LUTRAMs | Checksum: 18fc4dc21

Time (s): cpu = 00:00:01 ; elapsed = 00:00:00.612 . Memory (MB): peak = 1030.875 ; gain = 0.000

Phase 3.3 Area Swap Optimization
Phase 3.3 Area Swap Optimization | Checksum: 1b51ef21d

Time (s): cpu = 00:00:01 ; elapsed = 00:00:00.619 . Memory (MB): peak = 1030.875 ; gain = 0.000

Phase 3.4 Pipeline Register Optimization
Phase 3.4 Pipeline Register Optimization | Checksum: 1b51ef21d

Time (s): cpu = 00:00:01 ; elapsed = 00:00:00.619 . Memory (MB): peak = 1030.875 ; gain = 0.000

Phase 3.5 Small Shape Detail Placement
Phase 3.5 Small Shape Detail Placement | Checksum: 1ece3fc1f

Time (s): cpu = 00:00:02 ; elapsed = 00:00:00.693 . Memory (MB): peak = 1030.875 ; gain = 0.000

Phase 3.6 Re-assign LUT pins
Phase 3.6 Re-assign LUT pins | Checksum: 1ece3fc1f

Time (s): cpu = 00:00:02 ; elapsed = 00:00:00.694 . Memory (MB): peak = 1030.875 ; gain = 0.000

Phase 3.7 Pipeline Register Optimization
Phase 3.7 Pipeline Register Optimization | Checksum: 1ece3fc1f

Time (s): cpu = 00:00:02 ; elapsed = 00:00:00.694 . Memory (MB): peak = 1030.875 ; gain = 0.000
Phase 3 Detail Placement | Checksum: 1ece3fc1f

Time (s): cpu = 00:00:02 ; elapsed = 00:00:00.695 . Memory (MB): peak = 1030.875 ; gain = 0.000

Phase 4 Post Placement Optimization and Clean-Up

Phase 4.1 Post Commit Optimization
Phase 4.1 Post Commit Optimization | Checksum: 1ece3fc1f

Time (s): cpu = 00:00:02 ; elapsed = 00:00:00.697 . Memory (MB): peak = 1030.875 ; gain = 0.000

Phase 4.2 Post Placement Cleanup
Phase 4.2 Post Placement Cleanup | Checksum: 1ece3fc1f

Time (s): cpu = 00:00:02 ; elapsed = 00:00:00.699 . Memory (MB): peak = 1030.875 ; gain = 0.000

Phase 4.3 Placer Reporting
Phase 4.3 Placer Reporting | Checksum: 1ece3fc1f

Time (s): cpu = 00:00:02 ; elapsed = 00:00:00.700 . Memory (MB): peak = 1030.875 ; gain = 0.000

Phase 4.4 Final Placement Cleanup
Phase 4.4 Final Placement Cleanup | Checksum: 20df862a8

Time (s): cpu = 00:00:02 ; elapsed = 00:00:00.701 . Memory (MB): peak = 1030.875 ; gain = 0.000
Phase 4 Post Placement Optimization and Clean-Up | Checksum: 20df862a8

Time (s): cpu = 00:00:02 ; elapsed = 00:00:00.701 . Memory (MB): peak = 1030.875 ; gain = 0.000
Ending Placer Task | Checksum: 190a1e75d

Time (s): cpu = 00:00:02 ; elapsed = 00:00:00.704 . Memory (MB): peak = 1030.875 ; gain = 0.000
36 Infos, 1 Warnings, 0 Critical Warnings and 0 Errors encountered.
place_design completed successfully
Writing placer database...
Writing XDEF routing.
Writing XDEF routing logical nets.
Writing XDEF routing special nets.
Write XDEF Complete: Time (s): cpu = 00:00:00 ; elapsed = 00:00:00.041 . Memory (MB): peak = 1030.875 ; gain = 0.000
INFO: [Common 17-1381] The checkpoint 'C:/Users/szh24/Desktop/xilinx_projects/cascading4_reg2/cascading4_reg2.runs/impl_1/cascading4_reg2_placed.dcp' has been generated.
report_io: Time (s): cpu = 00:00:00 ; elapsed = 00:00:00.035 . Memory (MB): peak = 1030.875 ; gain = 0.000
report_utilization: Time (s): cpu = 00:00:00 ; elapsed = 00:00:00.023 . Memory (MB): peak = 1030.875 ; gain = 0.000
report_control_sets: Time (s): cpu = 00:00:00 ; elapsed = 00:00:00.001 . Memory (MB): peak = 1030.875 ; gain = 0.000
Command: route_design
Attempting to get a license for feature 'Implementation' and/or device 'xc7a35t-cpg236'
INFO: [Common 17-349] Got license for feature 'Implementation' and/or device 'xc7a35t-cpg236'
Running DRC as a precondition to command route_design
Command: report_drc (run_mandatory_drcs) for: router_checks
INFO: [DRC 23-27] Running DRC with 2 threads
report_drc (run_mandatory_drcs) completed successfully
INFO: [Vivado_Tcl 4-198] DRC finished with 0 Errors
INFO: [Vivado_Tcl 4-199] Please refer to the DRC report (report_drc) for more information.


Starting Routing Task
INFO: [Route 35-254] Multithreading enabled for route_design using a maximum of 2 CPUs
Checksum: PlaceDB: f07168bf ConstDB: 0 ShapeSum: a0307e9e RouteDB: 0

Phase 1 Build RT Design
Phase 1 Build RT Design | Checksum: 1c656ad81

Time (s): cpu = 00:00:18 ; elapsed = 00:00:16 . Memory (MB): peak = 1117.316 ; gain = 86.441

Phase 2 Router Initialization
INFO: [Route 35-64] No timing constraints were detected. The router will operate in resource-optimization mode.

Phase 2.1 Fix Topology Constraints
Phase 2.1 Fix Topology Constraints | Checksum: 1c656ad81

Time (s): cpu = 00:00:18 ; elapsed = 00:00:16 . Memory (MB): peak = 1119.480 ; gain = 88.605

Phase 2.2 Pre Route Cleanup
Phase 2.2 Pre Route Cleanup | Checksum: 1c656ad81

Time (s): cpu = 00:00:18 ; elapsed = 00:00:16 . Memory (MB): peak = 1119.480 ; gain = 88.605
 Number of Nodes with overlaps = 0
Phase 2 Router Initialization | Checksum: 1c5e16339

Time (s): cpu = 00:00:18 ; elapsed = 00:00:16 . Memory (MB): peak = 1124.547 ; gain = 93.672

Phase 3 Initial Routing
Phase 3 Initial Routing | Checksum: 14437de11

Time (s): cpu = 00:00:19 ; elapsed = 00:00:16 . Memory (MB): peak = 1125.426 ; gain = 94.551

Phase 4 Rip-up And Reroute

Phase 4.1 Global Iteration 0
 Number of Nodes with overlaps = 0
Phase 4.1 Global Iteration 0 | Checksum: d80880d1

Time (s): cpu = 00:00:19 ; elapsed = 00:00:16 . Memory (MB): peak = 1125.426 ; gain = 94.551
Phase 4 Rip-up And Reroute | Checksum: d80880d1

Time (s): cpu = 00:00:19 ; elapsed = 00:00:16 . Memory (MB): peak = 1125.426 ; gain = 94.551

Phase 5 Delay and Skew Optimization
Phase 5 Delay and Skew Optimization | Checksum: d80880d1

Time (s): cpu = 00:00:19 ; elapsed = 00:00:16 . Memory (MB): peak = 1125.426 ; gain = 94.551

Phase 6 Post Hold Fix

Phase 6.1 Hold Fix Iter
Phase 6.1 Hold Fix Iter | Checksum: d80880d1

Time (s): cpu = 00:00:19 ; elapsed = 00:00:16 . Memory (MB): peak = 1125.426 ; gain = 94.551
Phase 6 Post Hold Fix | Checksum: d80880d1

Time (s): cpu = 00:00:19 ; elapsed = 00:00:16 . Memory (MB): peak = 1125.426 ; gain = 94.551

Phase 7 Route finalize

Router Utilization Summary
  Global Vertical Routing Utilization    = 0.00980627 %
  Global Horizontal Routing Utilization  = 0.00468506 %
  Routable Net Status*
  *Does not include unroutable nets such as driverless and loadless.
  Run report_route_status for detailed report.
  Number of Failed Nets               = 0
  Number of Unrouted Nets             = 0
  Number of Partially Routed Nets     = 0
  Number of Node Overlaps             = 0

Congestion Report
North Dir 1x1 Area, Max Cong = 16.2162%, No Congested Regions.
South Dir 1x1 Area, Max Cong = 16.2162%, No Congested Regions.
East Dir 1x1 Area, Max Cong = 4.41176%, No Congested Regions.
West Dir 1x1 Area, Max Cong = 5.88235%, No Congested Regions.
Phase 7 Route finalize | Checksum: d80880d1

Time (s): cpu = 00:00:19 ; elapsed = 00:00:16 . Memory (MB): peak = 1125.426 ; gain = 94.551

Phase 8 Verifying routed nets

 Verification completed successfully
Phase 8 Verifying routed nets | Checksum: d80880d1

Time (s): cpu = 00:00:19 ; elapsed = 00:00:16 . Memory (MB): peak = 1126.988 ; gain = 96.113

Phase 9 Depositing Routes
Phase 9 Depositing Routes | Checksum: c0ee22fc

Time (s): cpu = 00:00:19 ; elapsed = 00:00:16 . Memory (MB): peak = 1126.988 ; gain = 96.113
INFO: [Route 35-16] Router Completed Successfully

Time (s): cpu = 00:00:19 ; elapsed = 00:00:16 . Memory (MB): peak = 1126.988 ; gain = 96.113

Routing Is Done.
44 Infos, 1 Warnings, 0 Critical Warnings and 0 Errors encountered.
route_design completed successfully
route_design: Time (s): cpu = 00:00:20 ; elapsed = 00:00:17 . Memory (MB): peak = 1126.988 ; gain = 96.113
Writing placer database...
Writing XDEF routing.
Writing XDEF routing logical nets.
Writing XDEF routing special nets.
Write XDEF Complete: Time (s): cpu = 00:00:00 ; elapsed = 00:00:00.041 . Memory (MB): peak = 1126.988 ; gain = 0.000
INFO: [Common 17-1381] The checkpoint 'C:/Users/szh24/Desktop/xilinx_projects/cascading4_reg2/cascading4_reg2.runs/impl_1/cascading4_reg2_routed.dcp' has been generated.
Command: report_drc -file cascading4_reg2_drc_routed.rpt -pb cascading4_reg2_drc_routed.pb -rpx cascading4_reg2_drc_routed.rpx
INFO: [DRC 23-27] Running DRC with 2 threads
INFO: [Coretcl 2-168] The results of DRC are in file C:/Users/szh24/Desktop/xilinx_projects/cascading4_reg2/cascading4_reg2.runs/impl_1/cascading4_reg2_drc_routed.rpt.
report_drc completed successfully
Command: report_methodology -file cascading4_reg2_methodology_drc_routed.rpt -rpx cascading4_reg2_methodology_drc_routed.rpx
INFO: [Timing 38-35] Done setting XDC timing constraints.
INFO: [DRC 23-133] Running Methodology with 2 threads
INFO: [Coretcl 2-1520] The results of Report Methodology are in file C:/Users/szh24/Desktop/xilinx_projects/cascading4_reg2/cascading4_reg2.runs/impl_1/cascading4_reg2_methodology_drc_routed.rpt.
report_methodology completed successfully
Command: report_power -file cascading4_reg2_power_routed.rpt -pb cascading4_reg2_power_summary_routed.pb -rpx cascading4_reg2_power_routed.rpx
WARNING: [Power 33-232] No user defined clocks were found in the design!
Resolution: Please specify clocks using create_clock/create_generated_clock for sequential elements. For pure combinatorial circuits, please specify a virtual clock, otherwise the vectorless estimation might be inaccurate
INFO: [Timing 38-35] Done setting XDC timing constraints.
Running Vector-less Activity Propagation...

Finished Running Vector-less Activity Propagation
51 Infos, 2 Warnings, 0 Critical Warnings and 0 Errors encountered.
report_power completed successfully
INFO: [Timing 38-91] UpdateTimingParams: Speed grade: -1, Delay Type: min_max.
INFO: [Timing 38-191] Multithreading enabled for timing update using a maximum of 2 CPUs
WARNING: [Timing 38-313] There are no user specified timing constraints. Timing constraints are needed for proper timing analysis.
Command: write_bitstream -force cascading4_reg2.bit
Attempting to get a license for feature 'Implementation' and/or device 'xc7a35t-cpg236'
INFO: [Common 17-349] Got license for feature 'Implementation' and/or device 'xc7a35t-cpg236'
Running DRC as a precondition to command write_bitstream
Command: report_drc (run_mandatory_drcs) for: bitstream_checks
INFO: [DRC 23-27] Running DRC with 2 threads
report_drc (run_mandatory_drcs) completed successfully
INFO: [Vivado 12-3199] DRC finished with 0 Errors
INFO: [Vivado 12-3200] Please refer to the DRC report (report_drc) for more information.
INFO: [Project 1-821] Please set project.enableDesignId to be 'true'.
INFO: [Designutils 20-2272] Running write_bitstream with 2 threads.
Loading data files...
Loading site data...
Loading route data...
Processing options...
Creating bitmap...
Creating bitstream...
Writing bitstream ./cascading4_reg2.bit...
INFO: [Vivado 12-1842] Bitgen Completed Successfully.
60 Infos, 3 Warnings, 0 Critical Warnings and 0 Errors encountered.
write_bitstream completed successfully
write_bitstream: Time (s): cpu = 00:00:12 ; elapsed = 00:00:11 . Memory (MB): peak = 1500.543 ; gain = 345.930
INFO: [Common 17-206] Exiting Vivado at Tue Apr 10 15:59:25 2018...
